{
  "RSpec": {
    "coverage": {
      "/Users/naufalrdj/Desktop/Yayasan Anak Bangsa Bisa by Gojek/technical_2/tdd-array-integer-increment/spec/array_integer.spec.rb": {
        "lines": [
          1,
          null,
          1,
          1,
          1,
          null,
          1,
          null,
          1,
          null,
          1,
          1,
          null,
          1,
          null,
          1,
          null,
          1,
          1,
          null,
          1,
          null,
          1,
          null,
          1,
          1,
          null,
          1,
          null,
          1,
          null,
          1,
          1,
          null,
          1,
          null,
          1,
          null,
          null
        ]
      },
      "/Users/naufalrdj/Desktop/Yayasan Anak Bangsa Bisa by Gojek/technical_2/tdd-array-integer-increment/src/array_integer.rb": {
        "lines": [
          1,
          1,
          5,
          null,
          5,
          7,
          null,
          7,
          3,
          null,
          4,
          null,
          null,
          3,
          null,
          null,
          5,
          1,
          null,
          null,
          5,
          null,
          null
        ]
      }
    },
    "timestamp": 1627638846
  }
}
